{"name":"hexo","hostname":"sunhuideMacBook-Pro.local","pid":66685,"level":20,"msg":"Writing database to /Users/sunhui/github/myblog/db.json","time":"2019-10-11T09:04:31.232Z","v":0}
{"name":"hexo","hostname":"sunhuideMacBook-Pro.local","pid":66685,"level":20,"msg":"Hexo version: \u001b[35m3.8.0\u001b[39m","time":"2019-10-11T09:04:31.267Z","v":0}
{"name":"hexo","hostname":"sunhuideMacBook-Pro.local","pid":66685,"level":20,"msg":"Working directory: \u001b[35m~/github/myblog/\u001b[39m","time":"2019-10-11T09:04:31.268Z","v":0}
{"name":"hexo","hostname":"sunhuideMacBook-Pro.local","pid":66685,"level":20,"msg":"Config loaded: \u001b[35m~/github/myblog/_config.yml\u001b[39m","time":"2019-10-11T09:04:31.405Z","v":0}
{"name":"hexo","hostname":"sunhuideMacBook-Pro.local","pid":66685,"level":20,"msg":"Plugin loaded: \u001b[35mhexo-deployer-git\u001b[39m","time":"2019-10-11T09:04:31.499Z","v":0}
{"name":"hexo","hostname":"sunhuideMacBook-Pro.local","pid":66685,"level":20,"msg":"Plugin loaded: \u001b[35mhexo-generator-category\u001b[39m","time":"2019-10-11T09:04:31.502Z","v":0}
{"name":"hexo","hostname":"sunhuideMacBook-Pro.local","pid":66685,"level":20,"msg":"Plugin loaded: \u001b[35mhexo-generator-index\u001b[39m","time":"2019-10-11T09:04:31.505Z","v":0}
{"name":"hexo","hostname":"sunhuideMacBook-Pro.local","pid":66685,"level":20,"msg":"Plugin loaded: \u001b[35mhexo-generator-archive\u001b[39m","time":"2019-10-11T09:04:31.507Z","v":0}
{"name":"hexo","hostname":"sunhuideMacBook-Pro.local","pid":66685,"level":20,"msg":"Plugin loaded: \u001b[35mhexo-generator-tag\u001b[39m","time":"2019-10-11T09:04:31.509Z","v":0}
{"name":"hexo","hostname":"sunhuideMacBook-Pro.local","pid":66685,"level":20,"msg":"Plugin loaded: \u001b[35mhexo-renderer-ejs\u001b[39m","time":"2019-10-11T09:04:31.513Z","v":0}
{"name":"hexo","hostname":"sunhuideMacBook-Pro.local","pid":66685,"level":20,"msg":"Plugin loaded: \u001b[35mhexo-renderer-stylus\u001b[39m","time":"2019-10-11T09:04:31.514Z","v":0}
{"name":"hexo","hostname":"sunhuideMacBook-Pro.local","pid":66685,"level":20,"msg":"Plugin loaded: \u001b[35mhexo-renderer-marked\u001b[39m","time":"2019-10-11T09:04:31.521Z","v":0}
{"name":"hexo","hostname":"sunhuideMacBook-Pro.local","pid":66685,"level":20,"msg":"Plugin loaded: \u001b[35mhexo-server\u001b[39m","time":"2019-10-11T09:04:31.607Z","v":0}
{"name":"hexo","hostname":"sunhuideMacBook-Pro.local","pid":66685,"level":20,"msg":"Script loaded: \u001b[35mthemes/icarus/scripts/index.js\u001b[39m","time":"2019-10-11T09:04:31.762Z","v":0}
{"name":"hexo","hostname":"sunhuideMacBook-Pro.local","pid":66685,"level":20,"msg":"Loading database.","time":"2019-10-11T09:04:31.767Z","v":0}
{"name":"hexo","hostname":"sunhuideMacBook-Pro.local","pid":66685,"level":30,"msg":"Start processing","time":"2019-10-11T09:04:31.842Z","v":0}
{"name":"hexo","hostname":"sunhuideMacBook-Pro.local","pid":66685,"level":20,"msg":"Processed: \u001b[35m_posts/Git使用过程中遇到的问题.md\u001b[39m","time":"2019-10-11T09:04:31.924Z","v":0}
{"name":"hexo","hostname":"sunhuideMacBook-Pro.local","pid":66685,"level":20,"msg":"Processed: \u001b[35m_posts/JavaScript判断对象是否一致.md\u001b[39m","time":"2019-10-11T09:04:31.924Z","v":0}
{"name":"hexo","hostname":"sunhuideMacBook-Pro.local","pid":66685,"level":20,"msg":"Processed: \u001b[35m_posts/IE及移动端兼容性问题&其他汇总.md\u001b[39m","time":"2019-10-11T09:04:31.925Z","v":0}
{"name":"hexo","hostname":"sunhuideMacBook-Pro.local","pid":66685,"level":20,"msg":"Processed: \u001b[35m_posts/JavaScript实现继承的几种方式.md\u001b[39m","time":"2019-10-11T09:04:31.925Z","v":0}
{"name":"hexo","hostname":"sunhuideMacBook-Pro.local","pid":66685,"level":20,"msg":"Processed: \u001b[35m_posts/JavaScript基础巩固篇.md\u001b[39m","time":"2019-10-11T09:04:31.925Z","v":0}
{"name":"hexo","hostname":"sunhuideMacBook-Pro.local","pid":66685,"level":20,"msg":"Processed: \u001b[35m_posts/JavaScript设计模式-观察者模式.md\u001b[39m","time":"2019-10-11T09:04:31.925Z","v":0}
{"name":"hexo","hostname":"sunhuideMacBook-Pro.local","pid":66685,"level":20,"msg":"Processed: \u001b[35m_posts/Mac安装和卸载HomeBrew.md\u001b[39m","time":"2019-10-11T09:04:31.925Z","v":0}
{"name":"hexo","hostname":"sunhuideMacBook-Pro.local","pid":66685,"level":20,"msg":"Processed: \u001b[35m_posts/UML类图与交互图.md\u001b[39m","time":"2019-10-11T09:04:31.926Z","v":0}
{"name":"hexo","hostname":"sunhuideMacBook-Pro.local","pid":66685,"level":20,"msg":"Processed: \u001b[35m_posts/Javascript内存管理.md\u001b[39m","time":"2019-10-11T09:04:31.926Z","v":0}
{"name":"hexo","hostname":"sunhuideMacBook-Pro.local","pid":66685,"level":20,"msg":"Processed: \u001b[35m_posts/web安全.md\u001b[39m","time":"2019-10-11T09:04:31.926Z","v":0}
{"name":"hexo","hostname":"sunhuideMacBook-Pro.local","pid":66685,"level":20,"msg":"Processed: \u001b[35m_posts/前端性能优化.md\u001b[39m","time":"2019-10-11T09:04:31.926Z","v":0}
{"name":"hexo","hostname":"sunhuideMacBook-Pro.local","pid":66685,"level":20,"msg":"Processed: \u001b[35m_posts/使用Hexo-Github搭建属于自己的blog.md\u001b[39m","time":"2019-10-11T09:04:31.926Z","v":0}
{"name":"hexo","hostname":"sunhuideMacBook-Pro.local","pid":66685,"level":20,"msg":"Processed: \u001b[35m_posts/偷影子的人.md\u001b[39m","time":"2019-10-11T09:04:31.926Z","v":0}
{"name":"hexo","hostname":"sunhuideMacBook-Pro.local","pid":66685,"level":20,"msg":"Processed: \u001b[35m_posts/如何手动实现form表单提交的url.md\u001b[39m","time":"2019-10-11T09:04:31.926Z","v":0}
{"name":"hexo","hostname":"sunhuideMacBook-Pro.local","pid":66685,"level":20,"msg":"Processed: \u001b[35m_posts/巨人的陨落.md\u001b[39m","time":"2019-10-11T09:04:31.927Z","v":0}
{"name":"hexo","hostname":"sunhuideMacBook-Pro.local","pid":66685,"level":20,"msg":"Processed: \u001b[35m_posts/存疑问题整理.md\u001b[39m","time":"2019-10-11T09:04:31.927Z","v":0}
{"name":"hexo","hostname":"sunhuideMacBook-Pro.local","pid":66685,"level":20,"msg":"Processed: \u001b[35m_posts/浏览器中的EventLoop.md\u001b[39m","time":"2019-10-11T09:04:31.927Z","v":0}
{"name":"hexo","hostname":"sunhuideMacBook-Pro.local","pid":66685,"level":20,"msg":"Processed: \u001b[35m_posts/浏览器缓存机制.md\u001b[39m","time":"2019-10-11T09:04:31.927Z","v":0}
{"name":"hexo","hostname":"sunhuideMacBook-Pro.local","pid":66685,"level":20,"msg":"Processed: \u001b[35m_posts/请求后台数据的几种方式.md\u001b[39m","time":"2019-10-11T09:04:31.927Z","v":0}
{"name":"hexo","hostname":"sunhuideMacBook-Pro.local","pid":66685,"level":20,"msg":"Processed: \u001b[35m_posts/设计模式概览.md\u001b[39m","time":"2019-10-11T09:04:31.927Z","v":0}
{"name":"hexo","hostname":"sunhuideMacBook-Pro.local","pid":66685,"level":20,"msg":"Processed: \u001b[35m_posts/骨架屏.md\u001b[39m","time":"2019-10-11T09:04:31.927Z","v":0}
{"name":"hexo","hostname":"sunhuideMacBook-Pro.local","pid":66685,"level":20,"msg":"Processed: \u001b[35mimg/deer.jpg\u001b[39m","time":"2019-10-11T09:04:31.944Z","v":0}
{"name":"hexo","hostname":"sunhuideMacBook-Pro.local","pid":66685,"level":20,"msg":"Processed: \u001b[35mimg/basic.jpg\u001b[39m","time":"2019-10-11T09:04:31.944Z","v":0}
{"name":"hexo","hostname":"sunhuideMacBook-Pro.local","pid":66685,"level":20,"msg":"Processed: \u001b[35mimg/desert.jpg\u001b[39m","time":"2019-10-11T09:04:31.944Z","v":0}
{"name":"hexo","hostname":"sunhuideMacBook-Pro.local","pid":66685,"level":20,"msg":"Processed: \u001b[35mimg/cactus.jpg\u001b[39m","time":"2019-10-11T09:04:31.945Z","v":0}
{"name":"hexo","hostname":"sunhuideMacBook-Pro.local","pid":66685,"level":20,"msg":"Processed: \u001b[35mimg/plant.jpg\u001b[39m","time":"2019-10-11T09:04:31.945Z","v":0}
{"name":"hexo","hostname":"sunhuideMacBook-Pro.local","pid":66685,"level":20,"msg":"Processed: \u001b[35mimg/flower.jpg\u001b[39m","time":"2019-10-11T09:04:31.946Z","v":0}
{"name":"hexo","hostname":"sunhuideMacBook-Pro.local","pid":66685,"level":20,"msg":"Processed: \u001b[35mimg/shadow.jpeg\u001b[39m","time":"2019-10-11T09:04:31.946Z","v":0}
{"name":"hexo","hostname":"sunhuideMacBook-Pro.local","pid":66685,"level":20,"msg":"Processed: \u001b[35mimg/shell.jpg\u001b[39m","time":"2019-10-11T09:04:31.946Z","v":0}
{"name":"hexo","hostname":"sunhuideMacBook-Pro.local","pid":66685,"level":20,"msg":"Processed: \u001b[35mimg/tree.jpeg\u001b[39m","time":"2019-10-11T09:04:31.972Z","v":0}
{"name":"hexo","hostname":"sunhuideMacBook-Pro.local","pid":66685,"level":20,"msg":"Processed: \u001b[35msource/css/back-to-top.css\u001b[39m","time":"2019-10-11T09:04:31.972Z","v":0}
{"name":"hexo","hostname":"sunhuideMacBook-Pro.local","pid":66685,"level":20,"msg":"Processed: \u001b[35msource/css/progressbar.css\u001b[39m","time":"2019-10-11T09:04:31.972Z","v":0}
{"name":"hexo","hostname":"sunhuideMacBook-Pro.local","pid":66685,"level":20,"msg":"Processed: \u001b[35msource/css/insight.css\u001b[39m","time":"2019-10-11T09:04:31.973Z","v":0}
{"name":"hexo","hostname":"sunhuideMacBook-Pro.local","pid":66685,"level":20,"msg":"Processed: \u001b[35msource/css/search.css\u001b[39m","time":"2019-10-11T09:04:31.973Z","v":0}
{"name":"hexo","hostname":"sunhuideMacBook-Pro.local","pid":66685,"level":20,"msg":"Processed: \u001b[35msource/css/style.styl\u001b[39m","time":"2019-10-11T09:04:31.973Z","v":0}
{"name":"hexo","hostname":"sunhuideMacBook-Pro.local","pid":66685,"level":20,"msg":"Processed: \u001b[35msource/images/logo.svg\u001b[39m","time":"2019-10-11T09:04:31.974Z","v":0}
{"name":"hexo","hostname":"sunhuideMacBook-Pro.local","pid":66685,"level":20,"msg":"Processed: \u001b[35msource/images/avatar.png\u001b[39m","time":"2019-10-11T09:04:31.974Z","v":0}
{"name":"hexo","hostname":"sunhuideMacBook-Pro.local","pid":66685,"level":20,"msg":"Processed: \u001b[35msource/images/avatar.jpeg\u001b[39m","time":"2019-10-11T09:04:31.974Z","v":0}
{"name":"hexo","hostname":"sunhuideMacBook-Pro.local","pid":66685,"level":20,"msg":"Processed: \u001b[35msource/images/favicon.svg\u001b[39m","time":"2019-10-11T09:04:31.974Z","v":0}
{"name":"hexo","hostname":"sunhuideMacBook-Pro.local","pid":66685,"level":20,"msg":"Processed: \u001b[35msource/js/animation.js\u001b[39m","time":"2019-10-11T09:04:31.975Z","v":0}
{"name":"hexo","hostname":"sunhuideMacBook-Pro.local","pid":66685,"level":20,"msg":"Processed: \u001b[35msource/js/back-to-top.js\u001b[39m","time":"2019-10-11T09:04:31.975Z","v":0}
{"name":"hexo","hostname":"sunhuideMacBook-Pro.local","pid":66685,"level":20,"msg":"Processed: \u001b[35msource/js/clipboard.js\u001b[39m","time":"2019-10-11T09:04:31.976Z","v":0}
{"name":"hexo","hostname":"sunhuideMacBook-Pro.local","pid":66685,"level":20,"msg":"Processed: \u001b[35msource/images/thumbnail.svg\u001b[39m","time":"2019-10-11T09:04:31.976Z","v":0}
{"name":"hexo","hostname":"sunhuideMacBook-Pro.local","pid":66685,"level":20,"msg":"Processed: \u001b[35msource/js/gallery.js\u001b[39m","time":"2019-10-11T09:04:31.976Z","v":0}
{"name":"hexo","hostname":"sunhuideMacBook-Pro.local","pid":66685,"level":20,"msg":"Processed: \u001b[35msource/js/main.js\u001b[39m","time":"2019-10-11T09:04:31.977Z","v":0}
{"name":"hexo","hostname":"sunhuideMacBook-Pro.local","pid":66685,"level":20,"msg":"Theme config loaded.","time":"2019-10-11T09:04:31.986Z","v":0}
{"name":"hexo","hostname":"sunhuideMacBook-Pro.local","pid":66685,"level":20,"msg":"Processed: \u001b[35m_config.yml\u001b[39m","time":"2019-10-11T09:04:31.987Z","v":0}
{"name":"hexo","hostname":"sunhuideMacBook-Pro.local","pid":66685,"level":20,"msg":"Processed: \u001b[35msource/js/insight.js\u001b[39m","time":"2019-10-11T09:04:31.987Z","v":0}
{"name":"hexo","hostname":"sunhuideMacBook-Pro.local","pid":66685,"level":20,"msg":"Processed: \u001b[35mlayout/archive.ejs\u001b[39m","time":"2019-10-11T09:04:32.012Z","v":0}
{"name":"hexo","hostname":"sunhuideMacBook-Pro.local","pid":66685,"level":20,"msg":"Processed: \u001b[35mlayout/categories.ejs\u001b[39m","time":"2019-10-11T09:04:32.012Z","v":0}
{"name":"hexo","hostname":"sunhuideMacBook-Pro.local","pid":66685,"level":20,"msg":"Processed: \u001b[35mlayout/category.ejs\u001b[39m","time":"2019-10-11T09:04:32.012Z","v":0}
{"name":"hexo","hostname":"sunhuideMacBook-Pro.local","pid":66685,"level":20,"msg":"Processed: \u001b[35mlayout/layout.ejs\u001b[39m","time":"2019-10-11T09:04:32.012Z","v":0}
{"name":"hexo","hostname":"sunhuideMacBook-Pro.local","pid":66685,"level":20,"msg":"Processed: \u001b[35mlayout/index.ejs\u001b[39m","time":"2019-10-11T09:04:32.012Z","v":0}
{"name":"hexo","hostname":"sunhuideMacBook-Pro.local","pid":66685,"level":20,"msg":"Processed: \u001b[35mlayout/page.ejs\u001b[39m","time":"2019-10-11T09:04:32.012Z","v":0}
{"name":"hexo","hostname":"sunhuideMacBook-Pro.local","pid":66685,"level":20,"msg":"Processed: \u001b[35mlayout/post.ejs\u001b[39m","time":"2019-10-11T09:04:32.012Z","v":0}
{"name":"hexo","hostname":"sunhuideMacBook-Pro.local","pid":66685,"level":20,"msg":"Processed: \u001b[35mlayout/tag.ejs\u001b[39m","time":"2019-10-11T09:04:32.013Z","v":0}
{"name":"hexo","hostname":"sunhuideMacBook-Pro.local","pid":66685,"level":20,"msg":"Processed: \u001b[35mlayout/tags.ejs\u001b[39m","time":"2019-10-11T09:04:32.013Z","v":0}
{"name":"hexo","hostname":"sunhuideMacBook-Pro.local","pid":66685,"level":20,"msg":"Processed: \u001b[35mlanguages/en.yml\u001b[39m","time":"2019-10-11T09:04:32.015Z","v":0}
{"name":"hexo","hostname":"sunhuideMacBook-Pro.local","pid":66685,"level":20,"msg":"Processed: \u001b[35mlanguages/fr.yml\u001b[39m","time":"2019-10-11T09:04:32.015Z","v":0}
{"name":"hexo","hostname":"sunhuideMacBook-Pro.local","pid":66685,"level":20,"msg":"Processed: \u001b[35mlanguages/id.yml\u001b[39m","time":"2019-10-11T09:04:32.015Z","v":0}
{"name":"hexo","hostname":"sunhuideMacBook-Pro.local","pid":66685,"level":20,"msg":"Processed: \u001b[35mlanguages/es.yml\u001b[39m","time":"2019-10-11T09:04:32.016Z","v":0}
{"name":"hexo","hostname":"sunhuideMacBook-Pro.local","pid":66685,"level":20,"msg":"Processed: \u001b[35mlanguages/ru.yml\u001b[39m","time":"2019-10-11T09:04:32.016Z","v":0}
{"name":"hexo","hostname":"sunhuideMacBook-Pro.local","pid":66685,"level":20,"msg":"Processed: \u001b[35mlanguages/ja.yml\u001b[39m","time":"2019-10-11T09:04:32.016Z","v":0}
{"name":"hexo","hostname":"sunhuideMacBook-Pro.local","pid":66685,"level":20,"msg":"Processed: \u001b[35mlanguages/pt-BR.yml\u001b[39m","time":"2019-10-11T09:04:32.016Z","v":0}
{"name":"hexo","hostname":"sunhuideMacBook-Pro.local","pid":66685,"level":20,"msg":"Processed: \u001b[35mlanguages/ko.yml\u001b[39m","time":"2019-10-11T09:04:32.016Z","v":0}
{"name":"hexo","hostname":"sunhuideMacBook-Pro.local","pid":66685,"level":20,"msg":"Processed: \u001b[35mlanguages/zh-CN.yml\u001b[39m","time":"2019-10-11T09:04:32.017Z","v":0}
{"name":"hexo","hostname":"sunhuideMacBook-Pro.local","pid":66685,"level":20,"msg":"Processed: \u001b[35mlanguages/tr.yml\u001b[39m","time":"2019-10-11T09:04:32.017Z","v":0}
{"name":"hexo","hostname":"sunhuideMacBook-Pro.local","pid":66685,"level":20,"msg":"Processed: \u001b[35mlanguages/zh-TW.yml\u001b[39m","time":"2019-10-11T09:04:32.017Z","v":0}
{"name":"hexo","hostname":"sunhuideMacBook-Pro.local","pid":66685,"level":20,"msg":"Processed: \u001b[35mlayout/comment/changyan.ejs\u001b[39m","time":"2019-10-11T09:04:32.063Z","v":0}
{"name":"hexo","hostname":"sunhuideMacBook-Pro.local","pid":66685,"level":20,"msg":"Processed: \u001b[35mlayout/comment/disqus.ejs\u001b[39m","time":"2019-10-11T09:04:32.063Z","v":0}
{"name":"hexo","hostname":"sunhuideMacBook-Pro.local","pid":66685,"level":20,"msg":"Processed: \u001b[35mlayout/comment/isso.ejs\u001b[39m","time":"2019-10-11T09:04:32.063Z","v":0}
{"name":"hexo","hostname":"sunhuideMacBook-Pro.local","pid":66685,"level":20,"msg":"Processed: \u001b[35mlayout/comment/gitment.ejs\u001b[39m","time":"2019-10-11T09:04:32.063Z","v":0}
{"name":"hexo","hostname":"sunhuideMacBook-Pro.local","pid":66685,"level":20,"msg":"Processed: \u001b[35mlayout/comment/gitalk.ejs\u001b[39m","time":"2019-10-11T09:04:32.063Z","v":0}
{"name":"hexo","hostname":"sunhuideMacBook-Pro.local","pid":66685,"level":20,"msg":"Processed: \u001b[35mlayout/comment/facebook.ejs\u001b[39m","time":"2019-10-11T09:04:32.063Z","v":0}
{"name":"hexo","hostname":"sunhuideMacBook-Pro.local","pid":66685,"level":20,"msg":"Processed: \u001b[35mlayout/comment/livere.ejs\u001b[39m","time":"2019-10-11T09:04:32.063Z","v":0}
{"name":"hexo","hostname":"sunhuideMacBook-Pro.local","pid":66685,"level":20,"msg":"Processed: \u001b[35mlayout/comment/valine.ejs\u001b[39m","time":"2019-10-11T09:04:32.063Z","v":0}
{"name":"hexo","hostname":"sunhuideMacBook-Pro.local","pid":66685,"level":20,"msg":"Processed: \u001b[35mlayout/common/article.ejs\u001b[39m","time":"2019-10-11T09:04:32.064Z","v":0}
{"name":"hexo","hostname":"sunhuideMacBook-Pro.local","pid":66685,"level":20,"msg":"Processed: \u001b[35mlayout/common/footer.ejs\u001b[39m","time":"2019-10-11T09:04:32.064Z","v":0}
{"name":"hexo","hostname":"sunhuideMacBook-Pro.local","pid":66685,"level":20,"msg":"Processed: \u001b[35mlayout/common/scripts.ejs\u001b[39m","time":"2019-10-11T09:04:32.064Z","v":0}
{"name":"hexo","hostname":"sunhuideMacBook-Pro.local","pid":66685,"level":20,"msg":"Processed: \u001b[35mlayout/common/navbar.ejs\u001b[39m","time":"2019-10-11T09:04:32.064Z","v":0}
{"name":"hexo","hostname":"sunhuideMacBook-Pro.local","pid":66685,"level":20,"msg":"Processed: \u001b[35mlayout/common/paginator.ejs\u001b[39m","time":"2019-10-11T09:04:32.064Z","v":0}
{"name":"hexo","hostname":"sunhuideMacBook-Pro.local","pid":66685,"level":20,"msg":"Processed: \u001b[35mlayout/common/head.ejs\u001b[39m","time":"2019-10-11T09:04:32.064Z","v":0}
{"name":"hexo","hostname":"sunhuideMacBook-Pro.local","pid":66685,"level":20,"msg":"Processed: \u001b[35mlayout/donate/paypal.ejs\u001b[39m","time":"2019-10-11T09:04:32.064Z","v":0}
{"name":"hexo","hostname":"sunhuideMacBook-Pro.local","pid":66685,"level":20,"msg":"Processed: \u001b[35mlayout/common/widget.ejs\u001b[39m","time":"2019-10-11T09:04:32.064Z","v":0}
{"name":"hexo","hostname":"sunhuideMacBook-Pro.local","pid":66685,"level":20,"msg":"Processed: \u001b[35mlayout/donate/patreon.ejs\u001b[39m","time":"2019-10-11T09:04:32.064Z","v":0}
{"name":"hexo","hostname":"sunhuideMacBook-Pro.local","pid":66685,"level":20,"msg":"Processed: \u001b[35mlayout/donate/alipay.ejs\u001b[39m","time":"2019-10-11T09:04:32.064Z","v":0}
{"name":"hexo","hostname":"sunhuideMacBook-Pro.local","pid":66685,"level":20,"msg":"Processed: \u001b[35mlayout/plugin/animejs.ejs\u001b[39m","time":"2019-10-11T09:04:32.065Z","v":0}
{"name":"hexo","hostname":"sunhuideMacBook-Pro.local","pid":66685,"level":20,"msg":"Processed: \u001b[35mlayout/donate/wechat.ejs\u001b[39m","time":"2019-10-11T09:04:32.065Z","v":0}
{"name":"hexo","hostname":"sunhuideMacBook-Pro.local","pid":66685,"level":20,"msg":"Processed: \u001b[35mlayout/plugin/baidu-analytics.ejs\u001b[39m","time":"2019-10-11T09:04:32.086Z","v":0}
{"name":"hexo","hostname":"sunhuideMacBook-Pro.local","pid":66685,"level":20,"msg":"Processed: \u001b[35mlayout/plugin/back-to-top.ejs\u001b[39m","time":"2019-10-11T09:04:32.087Z","v":0}
{"name":"hexo","hostname":"sunhuideMacBook-Pro.local","pid":66685,"level":20,"msg":"Processed: \u001b[35mlayout/plugin/clipboard.ejs\u001b[39m","time":"2019-10-11T09:04:32.087Z","v":0}
{"name":"hexo","hostname":"sunhuideMacBook-Pro.local","pid":66685,"level":20,"msg":"Processed: \u001b[35mlayout/plugin/gallery.ejs\u001b[39m","time":"2019-10-11T09:04:32.088Z","v":0}
{"name":"hexo","hostname":"sunhuideMacBook-Pro.local","pid":66685,"level":20,"msg":"Processed: \u001b[35mlayout/plugin/busuanzi.ejs\u001b[39m","time":"2019-10-11T09:04:32.088Z","v":0}
{"name":"hexo","hostname":"sunhuideMacBook-Pro.local","pid":66685,"level":20,"msg":"Processed: \u001b[35mlayout/plugin/mathjax.ejs\u001b[39m","time":"2019-10-11T09:04:32.088Z","v":0}
{"name":"hexo","hostname":"sunhuideMacBook-Pro.local","pid":66685,"level":20,"msg":"Processed: \u001b[35mlayout/plugin/hotjar.ejs\u001b[39m","time":"2019-10-11T09:04:32.088Z","v":0}
{"name":"hexo","hostname":"sunhuideMacBook-Pro.local","pid":66685,"level":20,"msg":"Processed: \u001b[35mlayout/plugin/google-analytics.ejs\u001b[39m","time":"2019-10-11T09:04:32.088Z","v":0}
{"name":"hexo","hostname":"sunhuideMacBook-Pro.local","pid":66685,"level":20,"msg":"Processed: \u001b[35mlayout/search/google-cse.ejs\u001b[39m","time":"2019-10-11T09:04:32.088Z","v":0}
{"name":"hexo","hostname":"sunhuideMacBook-Pro.local","pid":66685,"level":20,"msg":"Processed: \u001b[35mlayout/search/baidu.ejs\u001b[39m","time":"2019-10-11T09:04:32.088Z","v":0}
{"name":"hexo","hostname":"sunhuideMacBook-Pro.local","pid":66685,"level":20,"msg":"Processed: \u001b[35mlayout/plugin/progressbar.ejs\u001b[39m","time":"2019-10-11T09:04:32.089Z","v":0}
{"name":"hexo","hostname":"sunhuideMacBook-Pro.local","pid":66685,"level":20,"msg":"Processed: \u001b[35mlayout/plugin/outdated-browser.ejs\u001b[39m","time":"2019-10-11T09:04:32.089Z","v":0}
{"name":"hexo","hostname":"sunhuideMacBook-Pro.local","pid":66685,"level":20,"msg":"Processed: \u001b[35mlayout/search/insight.ejs\u001b[39m","time":"2019-10-11T09:04:32.089Z","v":0}
{"name":"hexo","hostname":"sunhuideMacBook-Pro.local","pid":66685,"level":20,"msg":"Processed: \u001b[35mlayout/share/bdshare.ejs\u001b[39m","time":"2019-10-11T09:04:32.089Z","v":0}
{"name":"hexo","hostname":"sunhuideMacBook-Pro.local","pid":66685,"level":20,"msg":"Processed: \u001b[35mlayout/share/addthis.ejs\u001b[39m","time":"2019-10-11T09:04:32.089Z","v":0}
{"name":"hexo","hostname":"sunhuideMacBook-Pro.local","pid":66685,"level":20,"msg":"Processed: \u001b[35mlayout/share/sharethis.ejs\u001b[39m","time":"2019-10-11T09:04:32.089Z","v":0}
{"name":"hexo","hostname":"sunhuideMacBook-Pro.local","pid":66685,"level":20,"msg":"Processed: \u001b[35mlayout/share/addtoany.ejs\u001b[39m","time":"2019-10-11T09:04:32.089Z","v":0}
{"name":"hexo","hostname":"sunhuideMacBook-Pro.local","pid":66685,"level":20,"msg":"Processed: \u001b[35mlayout/share/sharejs.ejs\u001b[39m","time":"2019-10-11T09:04:32.089Z","v":0}
{"name":"hexo","hostname":"sunhuideMacBook-Pro.local","pid":66685,"level":20,"msg":"Processed: \u001b[35mlayout/widget/category.ejs\u001b[39m","time":"2019-10-11T09:04:32.089Z","v":0}
{"name":"hexo","hostname":"sunhuideMacBook-Pro.local","pid":66685,"level":20,"msg":"Processed: \u001b[35mlayout/widget/profile.ejs\u001b[39m","time":"2019-10-11T09:04:32.090Z","v":0}
{"name":"hexo","hostname":"sunhuideMacBook-Pro.local","pid":66685,"level":20,"msg":"Processed: \u001b[35mlayout/widget/links.ejs\u001b[39m","time":"2019-10-11T09:04:32.090Z","v":0}
{"name":"hexo","hostname":"sunhuideMacBook-Pro.local","pid":66685,"level":20,"msg":"Processed: \u001b[35mlayout/widget/archive.ejs\u001b[39m","time":"2019-10-11T09:04:32.090Z","v":0}
{"name":"hexo","hostname":"sunhuideMacBook-Pro.local","pid":66685,"level":20,"msg":"Processed: \u001b[35mlayout/widget/recent_posts.ejs\u001b[39m","time":"2019-10-11T09:04:32.090Z","v":0}
{"name":"hexo","hostname":"sunhuideMacBook-Pro.local","pid":66685,"level":20,"msg":"Processed: \u001b[35mlayout/widget/tagcloud.ejs\u001b[39m","time":"2019-10-11T09:04:32.090Z","v":0}
{"name":"hexo","hostname":"sunhuideMacBook-Pro.local","pid":66685,"level":20,"msg":"Processed: \u001b[35mlayout/widget/tag.ejs\u001b[39m","time":"2019-10-11T09:04:32.090Z","v":0}
{"name":"hexo","hostname":"sunhuideMacBook-Pro.local","pid":66685,"level":20,"msg":"Processed: \u001b[35mlayout/widget/toc.ejs\u001b[39m","time":"2019-10-11T09:04:32.093Z","v":0}
{"name":"hexo","hostname":"sunhuideMacBook-Pro.local","pid":66685,"level":20,"msg":"Processed: \u001b[35mimg/HomeBrew/1.png\u001b[39m","time":"2019-10-11T09:04:32.122Z","v":0}
{"name":"hexo","hostname":"sunhuideMacBook-Pro.local","pid":66685,"level":20,"msg":"Generator: \u001b[35mpage\u001b[39m","time":"2019-10-11T09:04:32.194Z","v":0}
{"name":"hexo","hostname":"sunhuideMacBook-Pro.local","pid":66685,"level":20,"msg":"Generator: \u001b[35mpost\u001b[39m","time":"2019-10-11T09:04:32.195Z","v":0}
{"name":"hexo","hostname":"sunhuideMacBook-Pro.local","pid":66685,"level":20,"msg":"Generator: \u001b[35mcategory\u001b[39m","time":"2019-10-11T09:04:32.195Z","v":0}
{"name":"hexo","hostname":"sunhuideMacBook-Pro.local","pid":66685,"level":20,"msg":"Generator: \u001b[35mindex\u001b[39m","time":"2019-10-11T09:04:32.195Z","v":0}
{"name":"hexo","hostname":"sunhuideMacBook-Pro.local","pid":66685,"level":20,"msg":"Generator: \u001b[35marchive\u001b[39m","time":"2019-10-11T09:04:32.195Z","v":0}
{"name":"hexo","hostname":"sunhuideMacBook-Pro.local","pid":66685,"level":20,"msg":"Generator: \u001b[35mtag\u001b[39m","time":"2019-10-11T09:04:32.195Z","v":0}
{"name":"hexo","hostname":"sunhuideMacBook-Pro.local","pid":66685,"level":20,"msg":"Generator: \u001b[35mcategories\u001b[39m","time":"2019-10-11T09:04:32.195Z","v":0}
{"name":"hexo","hostname":"sunhuideMacBook-Pro.local","pid":66685,"level":20,"msg":"Generator: \u001b[35mtags\u001b[39m","time":"2019-10-11T09:04:32.195Z","v":0}
{"name":"hexo","hostname":"sunhuideMacBook-Pro.local","pid":66685,"level":20,"msg":"Generator: \u001b[35minsight\u001b[39m","time":"2019-10-11T09:04:32.195Z","v":0}
{"name":"hexo","hostname":"sunhuideMacBook-Pro.local","pid":66685,"level":20,"msg":"Generator: \u001b[35masset\u001b[39m","time":"2019-10-11T09:04:32.196Z","v":0}
{"name":"hexo","hostname":"sunhuideMacBook-Pro.local","pid":66685,"level":30,"msg":"Hexo is running at \u001b[4mhttp://localhost:4000\u001b[24m . Press Ctrl+C to stop.","time":"2019-10-11T09:04:32.211Z","v":0}
{"name":"hexo","hostname":"sunhuideMacBook-Pro.local","pid":66685,"level":20,"msg":"Database saved","time":"2019-10-11T09:04:32.230Z","v":0}
{"name":"hexo","hostname":"sunhuideMacBook-Pro.local","pid":66685,"level":20,"msg":"Rendering index: \u001b[35mindex.html\u001b[39m","time":"2019-10-11T09:04:39.614Z","v":0}
{"name":"hexo","hostname":"sunhuideMacBook-Pro.local","pid":66685,"level":20,"msg":"Processed: \u001b[35m_posts/浏览器中的EventLoop.md\u001b[39m","time":"2019-10-11T09:05:28.524Z","v":0}
{"name":"hexo","hostname":"sunhuideMacBook-Pro.local","pid":66685,"level":20,"msg":"Generator: \u001b[35mpage\u001b[39m","time":"2019-10-11T09:05:28.679Z","v":0}
{"name":"hexo","hostname":"sunhuideMacBook-Pro.local","pid":66685,"level":20,"msg":"Generator: \u001b[35mpost\u001b[39m","time":"2019-10-11T09:05:28.679Z","v":0}
{"name":"hexo","hostname":"sunhuideMacBook-Pro.local","pid":66685,"level":20,"msg":"Generator: \u001b[35mcategory\u001b[39m","time":"2019-10-11T09:05:28.679Z","v":0}
{"name":"hexo","hostname":"sunhuideMacBook-Pro.local","pid":66685,"level":20,"msg":"Generator: \u001b[35mindex\u001b[39m","time":"2019-10-11T09:05:28.679Z","v":0}
{"name":"hexo","hostname":"sunhuideMacBook-Pro.local","pid":66685,"level":20,"msg":"Generator: \u001b[35marchive\u001b[39m","time":"2019-10-11T09:05:28.679Z","v":0}
{"name":"hexo","hostname":"sunhuideMacBook-Pro.local","pid":66685,"level":20,"msg":"Generator: \u001b[35mtag\u001b[39m","time":"2019-10-11T09:05:28.679Z","v":0}
{"name":"hexo","hostname":"sunhuideMacBook-Pro.local","pid":66685,"level":20,"msg":"Generator: \u001b[35mcategories\u001b[39m","time":"2019-10-11T09:05:28.679Z","v":0}
{"name":"hexo","hostname":"sunhuideMacBook-Pro.local","pid":66685,"level":20,"msg":"Generator: \u001b[35mtags\u001b[39m","time":"2019-10-11T09:05:28.680Z","v":0}
{"name":"hexo","hostname":"sunhuideMacBook-Pro.local","pid":66685,"level":20,"msg":"Generator: \u001b[35minsight\u001b[39m","time":"2019-10-11T09:05:28.680Z","v":0}
{"name":"hexo","hostname":"sunhuideMacBook-Pro.local","pid":66685,"level":20,"msg":"Generator: \u001b[35masset\u001b[39m","time":"2019-10-11T09:05:28.680Z","v":0}
{"name":"hexo","hostname":"sunhuideMacBook-Pro.local","pid":66685,"level":20,"msg":"Rendering index: \u001b[35mindex.html\u001b[39m","time":"2019-10-11T09:06:07.050Z","v":0}
{"name":"hexo","hostname":"sunhuideMacBook-Pro.local","pid":66685,"level":30,"msg":"Have a nice day","time":"2019-10-11T09:09:41.615Z","v":0}
{"name":"hexo","hostname":"sunhuideMacBook-Pro.local","pid":66685,"level":20,"msg":"Database saved","time":"2019-10-11T09:09:41.639Z","v":0}
